Determining if the pthread_create exist failed with the following output:
Change Dir: /home/peter/devel/gtest-1.7.0/BUILD/CMakeFiles/CMakeTmp

Run Build Command:"/usr/bin/make" "cmTryCompileExec1506857217/fast"
/usr/bin/make -f CMakeFiles/cmTryCompileExec1506857217.dir/build.make CMakeFiles/cmTryCompileExec1506857217.dir/build
/usr/local/bin/cmake -E cmake_progress_report /home/peter/devel/gtest-1.7.0/BUILD/CMakeFiles/CMakeTmp/CMakeFiles 1
Building C object CMakeFiles/cmTryCompileExec1506857217.dir/CheckSymbolExists.c.o
/usr/bin/cc    -o CMakeFiles/cmTryCompileExec1506857217.dir/CheckSymbolExists.c.o   -c /home/peter/devel/gtest-1.7.0/BUILD/CMakeFiles/CMakeTmp/CheckSymbolExists.c
Linking C executable cmTryCompileExec1506857217
/usr/local/bin/cmake -E cmake_link_script CMakeFiles/cmTryCompileExec1506857217.dir/link.txt --verbose=1
/usr/bin/cc      CMakeFiles/cmTryCompileExec1506857217.dir/CheckSymbolExists.c.o  -o cmTryCompileExec1506857217  
CMakeFiles/cmTryCompileExec1506857217.dir/CheckSymbolExists.c.o: In function `main':
/home/peter/devel/gtest-1.7.0/BUILD/CMakeFiles/CMakeTmp/CheckSymbolExists.c:(.text+0x19): undefined reference to `pthread_create'
cc: error: linker command failed with exit code 1 (use -v to see invocation)
*** Error code 1

Stop.
make[1]: stopped in /usr/home/peter/devel/gtest-1.7.0/BUILD/CMakeFiles/CMakeTmp
*** Error code 1

Stop.
make: stopped in /usr/home/peter/devel/gtest-1.7.0/BUILD/CMakeFiles/CMakeTmp

File /home/peter/devel/gtest-1.7.0/BUILD/CMakeFiles/CMakeTmp/CheckSymbolExists.c:
/* */
#include <pthread.h>

int main(int argc, char** argv)
{
  (void)argv;
#ifndef pthread_create
  return ((int*)(&pthread_create))[argc];
#else
  (void)argc;
  return 0;
#endif
}

Determining if the function pthread_create exists in the pthreads failed with the following output:
Change Dir: /home/peter/devel/gtest-1.7.0/BUILD/CMakeFiles/CMakeTmp

Run Build Command:"/usr/bin/make" "cmTryCompileExec2355401196/fast"
/usr/bin/make -f CMakeFiles/cmTryCompileExec2355401196.dir/build.make CMakeFiles/cmTryCompileExec2355401196.dir/build
/usr/local/bin/cmake -E cmake_progress_report /home/peter/devel/gtest-1.7.0/BUILD/CMakeFiles/CMakeTmp/CMakeFiles 1
Building C object CMakeFiles/cmTryCompileExec2355401196.dir/CheckFunctionExists.c.o
/usr/bin/cc   -DCHECK_FUNCTION_EXISTS=pthread_create -o CMakeFiles/cmTryCompileExec2355401196.dir/CheckFunctionExists.c.o   -c /usr/local/share/cmake/Modules/CheckFunctionExists.c
Linking C executable cmTryCompileExec2355401196
/usr/local/bin/cmake -E cmake_link_script CMakeFiles/cmTryCompileExec2355401196.dir/link.txt --verbose=1
/usr/bin/cc   -DCHECK_FUNCTION_EXISTS=pthread_create   CMakeFiles/cmTryCompileExec2355401196.dir/CheckFunctionExists.c.o  -o cmTryCompileExec2355401196  -lpthreads 
/usr/bin/ld: cannot find -lpthreads
cc: error: linker command failed with exit code 1 (use -v to see invocation)
*** Error code 1

Stop.
make[1]: stopped in /usr/home/peter/devel/gtest-1.7.0/BUILD/CMakeFiles/CMakeTmp
*** Error code 1

Stop.
make: stopped in /usr/home/peter/devel/gtest-1.7.0/BUILD/CMakeFiles/CMakeTmp


